<?xml version="1.0" encoding="UTF-8"?>
<!-- Generated by org.testng.reporters.JUnitReportReporter -->
<testsuite hostname="MOHAMMEDHOSSAIN" failures="0" tests="1" name="TestRunner" time="8.758" errors="0" timestamp="2022-11-10T06:05:42 EST" skipped="0">
  <testcase classname="TestRunner" name="runScenario" time="8.758"/>
  <system-out/>
</testsuite> <!-- TestRunner -->
