<?xml version="1.0" encoding="UTF-8"?>
<!-- Generated by org.testng.reporters.JUnitReportReporter -->
<testsuite hostname="MOHAMMEDHOSSAIN" failures="0" tests="1" name="TestRunner" time="9.167" errors="0" timestamp="2022-11-10T11:39:44 EST" skipped="0">
  <testcase classname="TestRunner" name="runScenario" time="9.167"/>
  <system-out/>
</testsuite> <!-- TestRunner -->
